c:\users\rzsad\onedrive\documentos\proyectos\iau1-2024\birchengine - texturas\bin\intermediates\win32\debug\vc143.pdb
c:\users\rzsad\onedrive\documentos\proyectos\iau1-2024\birchengine - texturas\bin\intermediates\win32\debug\vc143.idb
c:\users\rzsad\onedrive\documentos\proyectos\iau1-2024\birchengine - texturas\bin\intermediates\win32\debug\vector2d.obj
c:\users\rzsad\onedrive\documentos\proyectos\iau1-2024\birchengine - texturas\bin\intermediates\win32\debug\texturemanager.obj
c:\users\rzsad\onedrive\documentos\proyectos\iau1-2024\birchengine - texturas\bin\intermediates\win32\debug\map.obj
c:\users\rzsad\onedrive\documentos\proyectos\iau1-2024\birchengine - texturas\bin\intermediates\win32\debug\main.obj
c:\users\rzsad\onedrive\documentos\proyectos\iau1-2024\birchengine - texturas\bin\intermediates\win32\debug\game.obj
c:\users\rzsad\onedrive\documentos\proyectos\iau1-2024\birchengine - texturas\bin\intermediates\win32\debug\gameobject.obj
c:\users\rzsad\onedrive\documentos\proyectos\iau1-2024\birchengine - texturas\bin\intermediates\win32\debug\collision.obj
c:\users\rzsad\onedrive\documentos\proyectos\iau1-2024\birchengine - texturas\bin\win32\debug\birchengine.pdb
c:\users\rzsad\onedrive\documentos\proyectos\iau1-2024\birchengine - texturas\bin\intermediates\win32\debug\birchengine.vcxproj.filelistabsolute.txt
c:\users\rzsad\onedrive\documentos\proyectos\iau1-2024\birchengine - texturas\bin\intermediates\win32\debug\birchengine.tlog\cl.command.1.tlog
c:\users\rzsad\onedrive\documentos\proyectos\iau1-2024\birchengine - texturas\bin\intermediates\win32\debug\birchengine.tlog\cl.read.1.tlog
c:\users\rzsad\onedrive\documentos\proyectos\iau1-2024\birchengine - texturas\bin\intermediates\win32\debug\birchengine.tlog\cl.write.1.tlog
c:\users\rzsad\onedrive\documentos\proyectos\iau1-2024\birchengine - texturas\bin\intermediates\win32\debug\birchengine.tlog\link-cvtres.read.1.tlog
c:\users\rzsad\onedrive\documentos\proyectos\iau1-2024\birchengine - texturas\bin\intermediates\win32\debug\birchengine.tlog\link-cvtres.write.1.tlog
c:\users\rzsad\onedrive\documentos\proyectos\iau1-2024\birchengine - texturas\bin\intermediates\win32\debug\birchengine.tlog\link-rc.read.1.tlog
c:\users\rzsad\onedrive\documentos\proyectos\iau1-2024\birchengine - texturas\bin\intermediates\win32\debug\birchengine.tlog\link-rc.write.1.tlog
c:\users\rzsad\onedrive\documentos\proyectos\iau1-2024\birchengine - texturas\bin\intermediates\win32\debug\birchengine.tlog\link.command.1.tlog
c:\users\rzsad\onedrive\documentos\proyectos\iau1-2024\birchengine - texturas\bin\intermediates\win32\debug\birchengine.tlog\link.read.1.tlog
c:\users\rzsad\onedrive\documentos\proyectos\iau1-2024\birchengine - texturas\bin\intermediates\win32\debug\birchengine.tlog\link.write.1.tlog
