  Collision.cpp
C:\Users\RzSad\OneDrive\Documentos\Proyectos\IAU1-2024\BirchEngine - Texturas\BirchEngine\Src\ECS\TransformComponent.h(37,16): warning C4244: '=': conversión de 'int' a 'float'; posible pérdida de datos
  (compilando archivo de origen "Src/Collision.cpp")
  
C:\Users\RzSad\OneDrive\Documentos\Proyectos\IAU1-2024\BirchEngine - Texturas\BirchEngine\Src\ECS\TransformComponent.h(38,16): warning C4244: '=': conversión de 'int' a 'float'; posible pérdida de datos
  (compilando archivo de origen "Src/Collision.cpp")
  
C:\Users\RzSad\OneDrive\Documentos\Proyectos\IAU1-2024\BirchEngine - Texturas\BirchEngine\Src\ECS\ECS.h(96,33): warning C4244: 'argumento': conversión de '_Ty' a 'int'; posible pérdida de datos
C:\Users\RzSad\OneDrive\Documentos\Proyectos\IAU1-2024\BirchEngine - Texturas\BirchEngine\Src\ECS\ECS.h(96,33): warning C4244:         with
C:\Users\RzSad\OneDrive\Documentos\Proyectos\IAU1-2024\BirchEngine - Texturas\BirchEngine\Src\ECS\ECS.h(96,33): warning C4244:         [
C:\Users\RzSad\OneDrive\Documentos\Proyectos\IAU1-2024\BirchEngine - Texturas\BirchEngine\Src\ECS\ECS.h(96,33): warning C4244:             _Ty=float
C:\Users\RzSad\OneDrive\Documentos\Proyectos\IAU1-2024\BirchEngine - Texturas\BirchEngine\Src\ECS\ECS.h(96,33): warning C4244:         ]
  (compilando archivo de origen "Src/Collision.cpp")
  C:\Users\RzSad\OneDrive\Documentos\Proyectos\IAU1-2024\BirchEngine - Texturas\BirchEngine\Src\ECS\ECS.h(96,33):
  el contexto de creación de instancias de la plantilla (el más antiguo primero) es
  	C:\Users\RzSad\OneDrive\Documentos\Proyectos\IAU1-2024\BirchEngine - Texturas\BirchEngine\Src\ECS\TileComponent.h(46,9):
  	Vea la referencia a la creación de una instancia de la función plantilla "T &Entity::addComponent<TransformComponent,float,float,int,int,int>(float,float,int,int,int)" que se está compilando
          with
          [
              T=TransformComponent
          ]
  
  GameObject.cpp
  Game.cpp
C:\Users\RzSad\OneDrive\Documentos\Proyectos\IAU1-2024\BirchEngine - Texturas\BirchEngine\Src\ECS\TransformComponent.h(37,16): warning C4244: '=': conversión de 'int' a 'float'; posible pérdida de datos
  (compilando archivo de origen "Src/Game.cpp")
  
C:\Users\RzSad\OneDrive\Documentos\Proyectos\IAU1-2024\BirchEngine - Texturas\BirchEngine\Src\ECS\TransformComponent.h(38,16): warning C4244: '=': conversión de 'int' a 'float'; posible pérdida de datos
  (compilando archivo de origen "Src/Game.cpp")
  
C:\Users\RzSad\OneDrive\Documentos\Proyectos\IAU1-2024\BirchEngine - Texturas\BirchEngine\Src\ECS\ECS.h(96,33): warning C4244: 'argumento': conversión de '_Ty' a 'int'; posible pérdida de datos
C:\Users\RzSad\OneDrive\Documentos\Proyectos\IAU1-2024\BirchEngine - Texturas\BirchEngine\Src\ECS\ECS.h(96,33): warning C4244:         with
C:\Users\RzSad\OneDrive\Documentos\Proyectos\IAU1-2024\BirchEngine - Texturas\BirchEngine\Src\ECS\ECS.h(96,33): warning C4244:         [
C:\Users\RzSad\OneDrive\Documentos\Proyectos\IAU1-2024\BirchEngine - Texturas\BirchEngine\Src\ECS\ECS.h(96,33): warning C4244:             _Ty=float
C:\Users\RzSad\OneDrive\Documentos\Proyectos\IAU1-2024\BirchEngine - Texturas\BirchEngine\Src\ECS\ECS.h(96,33): warning C4244:         ]
  (compilando archivo de origen "Src/Game.cpp")
  C:\Users\RzSad\OneDrive\Documentos\Proyectos\IAU1-2024\BirchEngine - Texturas\BirchEngine\Src\ECS\ECS.h(96,33):
  el contexto de creación de instancias de la plantilla (el más antiguo primero) es
  	C:\Users\RzSad\OneDrive\Documentos\Proyectos\IAU1-2024\BirchEngine - Texturas\BirchEngine\Src\ECS\TileComponent.h(46,9):
  	Vea la referencia a la creación de una instancia de la función plantilla "T &Entity::addComponent<TransformComponent,float,float,int,int,int>(float,float,int,int,int)" que se está compilando
          with
          [
              T=TransformComponent
          ]
  
  main.cpp
  Map.cpp
  Map.h
  TextureManager.cpp
  Vector2D.cpp
  Generando código...
C:\Users\RzSad\OneDrive\Documentos\Proyectos\IAU1-2024\BirchEngine - Texturas\bin\intermediates\Win32\Debug\Map.obj : warning LNK4042: objeto especificado más de una vez; omitidos los sobrantes
Game.obj : error LNK2019: símbolo externo "public: void __thiscall Entity::addGroup(unsigned int)" (?addGroup@Entity@@QAEXI@Z) sin resolver al que se hace referencia en la función "public: static void __cdecl Game::addTile(int,int,int)" (?addTile@Game@@SAXHHH@Z)
C:\Users\RzSad\OneDrive\Documentos\Proyectos\IAU1-2024\BirchEngine - Texturas\bin\Win32\Debug\BirchEngine.exe : fatal error LNK1120: 1 externos sin resolver
